[debug] [2025-09-09T16:27:01.551Z] ----------------------------------------------------------------------
[debug] [2025-09-09T16:27:01.552Z] Command:       /Users/neilmcardle/.nvm/versions/node/v22.13.0/bin/node /Users/neilmcardle/.nvm/versions/node/v22.13.0/bin/firebase init
[debug] [2025-09-09T16:27:01.553Z] CLI Version:   14.15.2
[debug] [2025-09-09T16:27:01.553Z] Platform:      darwin
[debug] [2025-09-09T16:27:01.553Z] Node Version:  v22.13.0
[debug] [2025-09-09T16:27:01.553Z] Time:          Tue Sep 09 2025 17:27:01 GMT+0100 (British Summer Time)
[debug] [2025-09-09T16:27:01.553Z] ----------------------------------------------------------------------
[debug] 
[debug] [2025-09-09T16:27:01.556Z] > command requires scopes: ["email","openid","https://www.googleapis.com/auth/cloudplatformprojects.readonly","https://www.googleapis.com/auth/firebase","https://www.googleapis.com/auth/cloud-platform"]
[debug] [2025-09-09T16:27:01.556Z] > authorizing via signed-in user (neilmcardlemail@gmail.com)
[info] 
     ######## #### ########  ######## ########     ###     ######  ########
     ##        ##  ##     ## ##       ##     ##  ##   ##  ##       ##
     ######    ##  ########  ######   ########  #########  ######  ######
     ##        ##  ##    ##  ##       ##     ## ##     ##       ## ##
     ##       #### ##     ## ######## ########  ##     ##  ######  ########

You're about to initialize a Firebase project in this directory:

  /Users/neilmcardle/Desktop/neilmcardle.com

[debug] [2025-09-09T16:30:17.278Z] ExitPromptError: User force closed the prompt with SIGINT
    at Interface.sigint (/Users/neilmcardle/.nvm/versions/node/v22.13.0/lib/node_modules/firebase-tools/node_modules/@inquirer/core/dist/commonjs/lib/create-prompt.js:101:37)
    at Interface.emit (node:events:524:28)
    at Interface.emit (node:domain:489:12)
    at [_ttyWrite] [as _ttyWrite] (node:internal/readline/interface:1124:18)
    at ReadStream.onkeypress (node:internal/readline/interface:263:20)
    at ReadStream.emit (node:events:536:35)
    at ReadStream.emit (node:domain:489:12)
    at emitKeys (node:internal/readline/utils:370:14)
    at emitKeys.next (<anonymous>)
    at ReadStream.onData (node:internal/readline/emitKeypressEvents:64:36)
[error] 
[error] Error: An unexpected error has occurred.
